DEPRECATION WARNING: config.action_view.debug_rjs will be removed in 3.1, from 3.1 onwards you will need to install prototype-rails to continue to use RJS templates . (called from service at /usr/lib/ruby/1.8/webrick/httpserver.rb:104)
DEPRECATION WARNING: config.action_view.debug_rjs will be removed in 3.1, from 3.1 onwards you will need to install prototype-rails to continue to use RJS templates . (called from service at /usr/lib/ruby/1.8/webrick/httpserver.rb:104)


Started GET "/" for 127.0.0.1 at Sun Oct 23 11:27:09 +0400 2011

ArgumentError (missing :action):
  config/routes.rb:98
  config/routes.rb:97
  config/routes.rb:1

Rendered /var/lib/gems/1.8/gems/actionpack-3.0.9/lib/action_dispatch/middleware/templates/rescues/_trace.erb (1.1ms)
Rendered /var/lib/gems/1.8/gems/actionpack-3.0.9/lib/action_dispatch/middleware/templates/rescues/_request_and_response.erb (2.2ms)
Rendered /var/lib/gems/1.8/gems/actionpack-3.0.9/lib/action_dispatch/middleware/templates/rescues/diagnostics.erb within rescues/layout (7.4ms)


Started GET "/" for 127.0.0.1 at Sun Oct 23 11:29:22 +0400 2011

ActionController::RoutingError (uninitialized constant ApplicationController::Clearance):
  app/controllers/application_controller.rb:5
  app/controllers/contacts_controller.rb:1

Rendered /var/lib/gems/1.8/gems/actionpack-3.0.9/lib/action_dispatch/middleware/templates/rescues/routing_error.erb within rescues/layout (0.8ms)


Started GET "/" for 127.0.0.1 at Sun Oct 23 11:34:51 +0400 2011

ActionController::RoutingError (uninitialized constant ApplicationController::Clearance):
  app/controllers/application_controller.rb:5
  app/controllers/contacts_controller.rb:1

Rendered /var/lib/gems/1.8/gems/actionpack-3.0.9/lib/action_dispatch/middleware/templates/rescues/routing_error.erb within rescues/layout (0.7ms)
DEPRECATION WARNING: config.action_view.debug_rjs will be removed in 3.1, from 3.1 onwards you will need to install prototype-rails to continue to use RJS templates . (called from service at /usr/lib/ruby/1.8/webrick/httpserver.rb:104)
